<?xml version="1.0" encoding="UTF-8"?>
<!-- Generated by org.testng.reporters.JUnitReportReporter -->
<testsuite hostname="ankit" failures="0" tests="2" name="MavenDemo.SeleniumTest" time="0.012" errors="0" timestamp="29 Mar 2023 18:35:23 GMT">
  <testcase classname="MavenDemo.SeleniumTest" name="browseAutomate" time="0.012"/>
  <testcase classname="MavenDemo.SeleniumTest" name="elementUi" time="0.000"/>
</testsuite>
