<?xml version="1.0" encoding="UTF-8"?>
<!-- Generated by org.testng.reporters.JUnitReportReporter -->
<testsuite hostname="ankit" failures="0" tests="2" name="MavenDemo.AppiumTest" time="0.002" errors="0" timestamp="29 Mar 2023 18:35:06 GMT">
  <testcase classname="MavenDemo.AppiumTest" name="iosApp" time="0.001"/>
  <testcase classname="MavenDemo.AppiumTest" name="androidApp" time="0.001"/>
</testsuite>
