<?xml version="1.0" encoding="UTF-8"?>
<!-- Generated by org.testng.reporters.JUnitReportReporter -->
<testsuite hostname="ankit" failures="0" tests="2" name="MavenDemo.RestApiTest" time="0.003" errors="0" timestamp="29 Mar 2023 18:35:23 GMT">
  <testcase classname="MavenDemo.RestApiTest" name="postjira" time="0.002"/>
  <testcase classname="MavenDemo.RestApiTest" name="getjira" time="0.001"/>
</testsuite>
